\BOOKMARK [1][-]{section.1}{Introduction}{}% 1
\BOOKMARK [1][-]{section.2}{Previous Work}{}% 2
\BOOKMARK [1][-]{section.3}{The MOVIMASH FRAMEWORK}{}% 3
\BOOKMARK [2][-]{subsection.3.1}{Design Principles}{section.3}% 4
\BOOKMARK [2][-]{subsection.3.2}{Framework}{section.3}% 5
\BOOKMARK [2][-]{subsection.3.3}{View Quality}{section.3}% 6
\BOOKMARK [3][-]{subsubsection.3.3.1}{Occlusion}{subsection.3.3}% 7
\BOOKMARK [3][-]{subsubsection.3.3.2}{Tilt}{subsection.3.3}% 8
\BOOKMARK [3][-]{subsubsection.3.3.3}{Shakiness}{subsection.3.3}% 9
\BOOKMARK [2][-]{subsection.3.4}{Learning}{section.3}% 10
\BOOKMARK [2][-]{subsection.3.5}{Vedio Quality}{section.3}% 11
\BOOKMARK [2][-]{subsection.3.6}{Diversity}{section.3}% 12
\BOOKMARK [2][-]{subsection.3.7}{Final Ranking}{section.3}% 13
\BOOKMARK [2][-]{subsection.3.8}{Length Section}{section.3}% 14
\BOOKMARK [1][-]{section.4}{Evaluation}{}% 15
\BOOKMARK [2][-]{subsection.4.1}{Dataset}{section.4}% 16
\BOOKMARK [2][-]{subsection.4.2}{User Study}{section.4}% 17
\BOOKMARK [2][-]{subsection.4.3}{Result Analysis}{section.4}% 18
\BOOKMARK [3][-]{subsubsection.4.3.1}{ Analysis of Questions A, B, C, and D }{subsection.4.3}% 19
\BOOKMARK [3][-]{subsubsection.4.3.2}{ Overall Video Quality}{subsection.4.3}% 20
\BOOKMARK [2][-]{subsection.4.4}{Discussion}{section.4}% 21
\BOOKMARK [1][-]{section.5}{Conclusion\046Future Work}{}% 22
\BOOKMARK [1][-]{section.6}{References}{}% 23
