This is pdfTeX, Version 3.14159265-2.6-1.40.18 (MiKTeX 2.9.6600 64-bit) (preloaded format=pdflatex 2018.2.16)  19 FEB 2018 13:57
entering extended mode
**./sig-alternate.tex
(sig-alternate.tex
LaTeX2e <2017-04-15>
Babel <3.17> and hyphenation patterns for 75 language(s) loaded.
(sig-alternate.cls
("C:\Users\Vivek Verma\AppData\Local\Programs\MiKTeX 2.9\tex\latex\graphics\eps
fig.sty"
Package: epsfig 2017/06/25 v1.7b (e)psfig emulation (SPQR)

("C:\Users\Vivek Verma\AppData\Local\Programs\MiKTeX 2.9\tex\latex\graphics\gra
phicx.sty"
Package: graphicx 2017/06/01 v1.1a Enhanced LaTeX Graphics (DPC,SPQR)

("C:\Users\Vivek Verma\AppData\Local\Programs\MiKTeX 2.9\tex\latex\graphics\key
val.sty"
Package: keyval 2014/10/28 v1.15 key=value parser (DPC)
\KV@toks@=\toks14
)
("C:\Users\Vivek Verma\AppData\Local\Programs\MiKTeX 2.9\tex\latex\graphics\gra
phics.sty"
Package: graphics 2017/06/25 v1.2c Standard LaTeX Graphics (DPC,SPQR)

("C:\Users\Vivek Verma\AppData\Local\Programs\MiKTeX 2.9\tex\latex\graphics\tri
g.sty"
Package: trig 2016/01/03 v1.10 sin cos tan (DPC)
)
("C:\Users\Vivek Verma\AppData\Local\Programs\MiKTeX 2.9\tex\latex\graphics-cfg
\graphics.cfg"
File: graphics.cfg 2016/06/04 v1.11 sample graphics configuration
)
Package graphics Info: Driver file: pdftex.def on input line 99.

("C:\Users\Vivek Verma\AppData\Local\Programs\MiKTeX 2.9\tex\latex\graphics-def
\pdftex.def"
File: pdftex.def 2018/01/08 v1.0l Graphics/color driver for pdftex
))
\Gin@req@height=\dimen102
\Gin@req@width=\dimen103
)
\epsfxsize=\dimen104
\epsfysize=\dimen105
)
("C:\Users\Vivek Verma\AppData\Local\Programs\MiKTeX 2.9\tex\latex\amsfonts\ams
symb.sty"
Package: amssymb 2013/01/14 v3.01 AMS font symbols

("C:\Users\Vivek Verma\AppData\Local\Programs\MiKTeX 2.9\tex\latex\amsfonts\ams
fonts.sty"
Package: amsfonts 2013/01/14 v3.01 Basic AMSFonts support
\@emptytoks=\toks15
\symAMSa=\mathgroup4
\symAMSb=\mathgroup5
LaTeX Font Info:    Overwriting math alphabet `\mathfrak' in version `bold'
(Font)                  U/euf/m/n --> U/euf/b/n on input line 106.
))
("C:\Users\Vivek Verma\AppData\Local\Programs\MiKTeX 2.9\tex\latex\amsmath\amsm
ath.sty"
Package: amsmath 2017/09/02 v2.17a AMS math features
\@mathmargin=\skip41

For additional information on amsmath, use the `?' option.

("C:\Users\Vivek Verma\AppData\Local\Programs\MiKTeX 2.9\tex\latex\amsmath\amst
ext.sty"
Package: amstext 2000/06/29 v2.01 AMS text

("C:\Users\Vivek Verma\AppData\Local\Programs\MiKTeX 2.9\tex\latex\amsmath\amsg
en.sty"
File: amsgen.sty 1999/11/30 v2.0 generic functions
\@emptytoks=\toks16
\ex@=\dimen106
))
("C:\Users\Vivek Verma\AppData\Local\Programs\MiKTeX 2.9\tex\latex\amsmath\amsb
sy.sty"
Package: amsbsy 1999/11/29 v1.2d Bold Symbols
\pmbraise@=\dimen107
)
("C:\Users\Vivek Verma\AppData\Local\Programs\MiKTeX 2.9\tex\latex\amsmath\amso
pn.sty"
Package: amsopn 2016/03/08 v2.02 operator names
)
\inf@bad=\count79
LaTeX Info: Redefining \frac on input line 213.
\uproot@=\count80
\leftroot@=\count81
LaTeX Info: Redefining \overline on input line 375.
\classnum@=\count82
\DOTSCASE@=\count83
LaTeX Info: Redefining \ldots on input line 472.
LaTeX Info: Redefining \dots on input line 475.
LaTeX Info: Redefining \cdots on input line 596.
\Mathstrutbox@=\box26
\strutbox@=\box27
\big@size=\dimen108
LaTeX Font Info:    Redeclaring font encoding OML on input line 712.
LaTeX Font Info:    Redeclaring font encoding OMS on input line 713.
\macc@depth=\count84
\c@MaxMatrixCols=\count85
\dotsspace@=\muskip10
\c@parentequation=\count86
\dspbrk@lvl=\count87
\tag@help=\toks17
\row@=\count88
\column@=\count89
\maxfields@=\count90
\andhelp@=\toks18
\eqnshift@=\dimen109
\alignsep@=\dimen110
\tagshift@=\dimen111
\tagwidth@=\dimen112
\totwidth@=\dimen113
\lineht@=\dimen114
\@envbody=\toks19
\multlinegap=\skip42
\multlinetaggap=\skip43
\mathdisplay@stack=\toks20
LaTeX Info: Redefining \[ on input line 2817.
LaTeX Info: Redefining \] on input line 2818.
)
Document Class 'sig-alternate' <22nd. April '09>. Modified by G.K.M. Tobin/Gerr
y Murray
Based in part upon document Style `acmconf' <22 May 89>. Hacked 4/91 by
shivers@cs.cmu.edu, 4/93 by theobald@cs.mcgill.ca
Excerpts were taken from (Journal Style) 'esub2acm.cls'.
****** Bugs/comments/suggestions/technicalities to Gerry Murray -- murray@hq.ac
m.org ******
Questions on the style, SIGS policies, etc. to Adrienne Griscti griscti@acm.org

\footheight=\dimen115
\@maxsep=\dimen116
\@dblmaxsep=\dimen117
\aucount=\count91
\originalaucount=\count92
\auwidth=\dimen118
\auskip=\dimen119
\auskipcount=\count93
\auskip=\dimen120
\allauboxes=\dimen121
\addauthors=\toks21
\addauflag=\count94
\subtitletext=\toks22
\savesection=\count95
\sectioncntr=\count96
\c@figure=\count97
\c@table=\count98
\titleboxnotes=\toks23
\titleboxnoteflag=\count99
Document Class: sig-alternate 2009/04/22 - V2.4 - based on acmproc.cls V1.3 <No
v. 30 '99>

("C:\Users\Vivek Verma\AppData\Local\Programs\MiKTeX 2.9\tex\latex\base\latexsy
m.sty"
Package: latexsym 1998/08/17 v2.2e Standard LaTeX package (lasy symbols)
\symlasy=\mathgroup6
LaTeX Font Info:    Overwriting symbol font `lasy' in version `bold'
(Font)                  U/lasy/m/n --> U/lasy/b/n on input line 52.
)
\@acmtitlebox=\box28
\titlenotecount=\count100
\tntoks=\toks24
\tntokstwo=\toks25
\tntoksthree=\toks26
\tntoksfour=\toks27
\tntoksfive=\toks28
\catcount=\count101
\copyrightnotice=\toks29
\conf=\toks30
\confinfo=\toks31
\c@part=\count102
\c@section=\count103
\c@subsection=\count104
\c@subsubsection=\count105
\c@paragraph=\count106

Using 'Abbrev' bibliography style
LaTeX Info: Redefining \cite on input line 1211.
\bibindent=\dimen122
\colcntr=\count107
\saveb@x=\box29
\copyrtyr=\toks32
\acmcopyr=\toks33
\boilerplate=\toks34
\copyrightetc=\toks35

("C:\Users\Vivek Verma\AppData\Local\Programs\MiKTeX 2.9\tex\latex\base\fontenc
.sty"
Package: fontenc 2017/04/05 v2.0i Standard LaTeX package

("C:\Users\Vivek Verma\AppData\Local\Programs\MiKTeX 2.9\tex\latex\base\t1enc.d
ef"
File: t1enc.def 2017/04/05 v2.0i Standard LaTeX file
LaTeX Font Info:    Redeclaring font encoding T1 on input line 48.
)
LaTeX Font Info:    Try loading font information for T1+aer on input line 105.

("C:\Users\Vivek Verma\AppData\Local\Programs\MiKTeX 2.9\tex\latex\ae\t1aer.fd"
File: t1aer.fd 1997/11/16 Font definitions for T1/aer.
)))
("C:\Users\Vivek Verma\AppData\Local\Programs\MiKTeX 2.9\tex\generic\genmisc\kb
ordermatrix.sty"
Package: kbordermatrix 2011/09/21 Bordered matrix with brackets
\kbcolsep=\skip44
\kbrowsep=\skip45
\br@kwd=\skip46
\k@bordht=\skip47
)
("C:\Users\Vivek Verma\AppData\Local\Programs\MiKTeX 2.9\tex\latex\blkarray\blk
array.sty"
Package: blkarray 2015/02/27 v0.07 Block array (dpc)
\c@BAenumi=\count108
\BA@col=\count109
\BA@block@cnt=\count110
\BA@final@box=\box30
\BA@first@box=\box31
\BA@colsep=\dimen123
\BA@ftn=\toks36
\BAextrarowheight=\dimen124
\BAextraheightafterhline=\dimen125
\BAarrayrulewidth=\dimen126
\BAdoublerulesep=\dimen127
\BAfootskip=\dimen128
\BA@dashbox=\box32
\BA@ddashbox=\box33
)
("C:\Users\Vivek Verma\AppData\Local\Programs\MiKTeX 2.9\tex\latex\hyperref\hyp
erref.sty"
Package: hyperref 2018/02/06 v6.86b Hypertext links for LaTeX

("C:\Users\Vivek Verma\AppData\Local\Programs\MiKTeX 2.9\tex\generic\oberdiek\h
obsub-hyperref.sty"
Package: hobsub-hyperref 2016/05/16 v1.14 Bundle oberdiek, subset hyperref (HO)


("C:\Users\Vivek Verma\AppData\Local\Programs\MiKTeX 2.9\tex\generic\oberdiek\h
obsub-generic.sty"
Package: hobsub-generic 2016/05/16 v1.14 Bundle oberdiek, subset generic (HO)
Package: hobsub 2016/05/16 v1.14 Construct package bundles (HO)
Package: infwarerr 2016/05/16 v1.4 Providing info/warning/error messages (HO)
Package: ltxcmds 2016/05/16 v1.23 LaTeX kernel commands for general use (HO)
Package: ifluatex 2016/05/16 v1.4 Provides the ifluatex switch (HO)
Package ifluatex Info: LuaTeX not detected.
Package: ifvtex 2016/05/16 v1.6 Detect VTeX and its facilities (HO)
Package ifvtex Info: VTeX not detected.
Package: intcalc 2016/05/16 v1.2 Expandable calculations with integers (HO)
Package: ifpdf 2017/03/15 v3.2 Provides the ifpdf switch
Package: etexcmds 2016/05/16 v1.6 Avoid name clashes with e-TeX commands (HO)
Package etexcmds Info: Could not find \expanded.
(etexcmds)             That can mean that you are not using pdfTeX 1.50 or
(etexcmds)             that some package has redefined \expanded.
(etexcmds)             In the latter case, load this package earlier.
Package: kvsetkeys 2016/05/16 v1.17 Key value parser (HO)
Package: kvdefinekeys 2016/05/16 v1.4 Define keys (HO)
Package: pdftexcmds 2018/01/21 v0.26 Utility functions of pdfTeX for LuaTeX (HO
)
Package pdftexcmds Info: LuaTeX not detected.
Package pdftexcmds Info: \pdf@primitive is available.
Package pdftexcmds Info: \pdf@ifprimitive is available.
Package pdftexcmds Info: \pdfdraftmode found.
Package: pdfescape 2016/05/16 v1.14 Implements pdfTeX's escape features (HO)
Package: bigintcalc 2016/05/16 v1.4 Expandable calculations on big integers (HO
)
Package: bitset 2016/05/16 v1.2 Handle bit-vector datatype (HO)
Package: uniquecounter 2016/05/16 v1.3 Provide unlimited unique counter (HO)
)
Package hobsub Info: Skipping package `hobsub' (already loaded).
Package: letltxmacro 2016/05/16 v1.5 Let assignment for LaTeX macros (HO)
Package: hopatch 2016/05/16 v1.3 Wrapper for package hooks (HO)
Package: xcolor-patch 2016/05/16 xcolor patch
Package: atveryend 2016/05/16 v1.9 Hooks at the very end of document (HO)
Package atveryend Info: \enddocument detected (standard20110627).
Package: atbegshi 2016/06/09 v1.18 At begin shipout hook (HO)
Package: refcount 2016/05/16 v3.5 Data extraction from label references (HO)
Package: hycolor 2016/05/16 v1.8 Color options for hyperref/bookmark (HO)
)
("C:\Users\Vivek Verma\AppData\Local\Programs\MiKTeX 2.9\tex\generic\ifxetex\if
xetex.sty"
Package: ifxetex 2010/09/12 v0.6 Provides ifxetex conditional
)
("C:\Users\Vivek Verma\AppData\Local\Programs\MiKTeX 2.9\tex\latex\oberdiek\aux
hook.sty"
Package: auxhook 2016/05/16 v1.4 Hooks for auxiliary files (HO)
)
("C:\Users\Vivek Verma\AppData\Local\Programs\MiKTeX 2.9\tex\latex\oberdiek\kvo
ptions.sty"
Package: kvoptions 2016/05/16 v3.12 Key value format for package options (HO)
)
\@linkdim=\dimen129
\Hy@linkcounter=\count111
\Hy@pagecounter=\count112

("C:\Users\Vivek Verma\AppData\Local\Programs\MiKTeX 2.9\tex\latex\hyperref\pd1
enc.def"
File: pd1enc.def 2018/02/06 v6.86b Hyperref: PDFDocEncoding definition (HO)
)
\Hy@SavedSpaceFactor=\count113

("C:\Users\Vivek Verma\AppData\Local\Programs\MiKTeX 2.9\tex\latex\00miktex\hyp
erref.cfg"
File: hyperref.cfg 2002/06/06 v1.2 hyperref configuration of TeXLive
)
Package hyperref Info: Hyper figures OFF on input line 4509.
Package hyperref Info: Link nesting OFF on input line 4514.
Package hyperref Info: Hyper index ON on input line 4517.
Package hyperref Info: Plain pages OFF on input line 4524.
Package hyperref Info: Backreferencing OFF on input line 4529.
Package hyperref Info: Implicit mode ON; LaTeX internals redefined.
Package hyperref Info: Bookmarks ON on input line 4762.
\c@Hy@tempcnt=\count114

("C:\Users\Vivek Verma\AppData\Local\Programs\MiKTeX 2.9\tex\latex\url\url.sty"
\Urlmuskip=\muskip11
Package: url 2013/09/16  ver 3.4  Verb mode for urls, etc.
)
LaTeX Info: Redefining \url on input line 5115.
\XeTeXLinkMargin=\dimen130
\Fld@menulength=\count115
\Field@Width=\dimen131
\Fld@charsize=\dimen132
Package hyperref Info: Hyper figures OFF on input line 6369.
Package hyperref Info: Link nesting OFF on input line 6374.
Package hyperref Info: Hyper index ON on input line 6377.
Package hyperref Info: backreferencing OFF on input line 6384.
Package hyperref Info: Link coloring OFF on input line 6389.
Package hyperref Info: Link coloring with OCG OFF on input line 6394.
Package hyperref Info: PDF/A mode OFF on input line 6399.
LaTeX Info: Redefining \ref on input line 6439.
LaTeX Info: Redefining \pageref on input line 6443.


Package hyperref Warning: Option `pdfpagelabels' is turned off
(hyperref)                because \thepage is undefined.

\c@Item=\count116
\c@Hfootnote=\count117
)
Package hyperref Info: Driver (autodetected): hpdftex.

("C:\Users\Vivek Verma\AppData\Local\Programs\MiKTeX 2.9\tex\latex\hyperref\hpd
ftex.def"
File: hpdftex.def 2018/02/06 v6.86b Hyperref driver for pdfTeX
\Fld@listcount=\count118
\c@bookmark@seq@number=\count119

("C:\Users\Vivek Verma\AppData\Local\Programs\MiKTeX 2.9\tex\latex\oberdiek\rer
unfilecheck.sty"
Package: rerunfilecheck 2016/05/16 v1.8 Rerun checks for auxiliary files (HO)
Package uniquecounter Info: New unique counter `rerunfilecheck' on input line 2
82.
)
\Hy@SectionHShift=\skip48
)
("C:\Users\Vivek Verma\AppData\Local\Programs\MiKTeX 2.9\tex\latex\fancyhdr\fan
cyhdr.sty"
Package: fancyhdr 2017/06/30 v3.9a Extensive control of page headers and footer
s
\f@nch@headwidth=\skip49
\f@nch@O@elh=\skip50
\f@nch@O@erh=\skip51
\f@nch@O@olh=\skip52
\f@nch@O@orh=\skip53
\f@nch@O@elf=\skip54
\f@nch@O@erf=\skip55
\f@nch@O@olf=\skip56
\f@nch@O@orf=\skip57
) (sig-alternate.aux)
\openout1 = `sig-alternate.aux'.

LaTeX Font Info:    Checking defaults for OML/cmm/m/it on input line 57.
LaTeX Font Info:    ... okay on input line 57.
LaTeX Font Info:    Checking defaults for T1/cmr/m/n on input line 57.
LaTeX Font Info:    ... okay on input line 57.
LaTeX Font Info:    Checking defaults for OT1/cmr/m/n on input line 57.
LaTeX Font Info:    ... okay on input line 57.
LaTeX Font Info:    Checking defaults for OMS/cmsy/m/n on input line 57.
LaTeX Font Info:    ... okay on input line 57.
LaTeX Font Info:    Checking defaults for OMX/cmex/m/n on input line 57.
LaTeX Font Info:    ... okay on input line 57.
LaTeX Font Info:    Checking defaults for U/cmr/m/n on input line 57.
LaTeX Font Info:    ... okay on input line 57.
LaTeX Font Info:    Checking defaults for PD1/pdf/m/n on input line 57.
LaTeX Font Info:    ... okay on input line 57.

("C:\Users\Vivek Verma\AppData\Local\Programs\MiKTeX 2.9\tex\context\base\supp-
pdf.mkii"
[Loading MPS to PDF converter (version 2006.09.02).]
\scratchcounter=\count120
\scratchdimen=\dimen133
\scratchbox=\box34
\nofMPsegments=\count121
\nofMParguments=\count122
\everyMPshowfont=\toks37
\MPscratchCnt=\count123
\MPscratchDim=\dimen134
\MPnumerator=\count124
\makeMPintoPDFobject=\count125
\everyMPtoPDFconversion=\toks38
)
("C:\Users\Vivek Verma\AppData\Local\Programs\MiKTeX 2.9\tex\latex\oberdiek\eps
topdf-base.sty"
Package: epstopdf-base 2016/05/15 v2.6 Base part for package epstopdf

("C:\Users\Vivek Verma\AppData\Local\Programs\MiKTeX 2.9\tex\latex\oberdiek\grf
ext.sty"
Package: grfext 2016/05/16 v1.2 Manage graphics extensions (HO)
)
Package epstopdf-base Info: Redefining graphics rule for `.eps' on input line 4
38.
Package grfext Info: Graphics extension search list:
(grfext)             [.pdf,.png,.jpg,.mps,.jpeg,.jbig2,.jb2,.PDF,.PNG,.JPG,.JPE
G,.JBIG2,.JB2,.eps]
(grfext)             \AppendGraphicsExtensions on input line 456.
)
\AtBeginShipoutBox=\box35


Package hyperref Warning: Height of page (\paperheight) is invalid (0.0pt),
(hyperref)                using 11in.

Package hyperref Info: Link coloring OFF on input line 57.

("C:\Users\Vivek Verma\AppData\Local\Programs\MiKTeX 2.9\tex\latex\hyperref\nam
eref.sty"
Package: nameref 2016/05/21 v2.44 Cross-referencing by name of section

("C:\Users\Vivek Verma\AppData\Local\Programs\MiKTeX 2.9\tex\generic\oberdiek\g
ettitlestring.sty"
Package: gettitlestring 2016/05/16 v1.5 Cleanup title references (HO)
)
\c@section@level=\count126
)
LaTeX Info: Redefining \ref on input line 57.
LaTeX Info: Redefining \pageref on input line 57.
LaTeX Info: Redefining \nameref on input line 57.
 (sig-alternate.out) (sig-alternate.out)
\@outlinefile=\write3
\openout3 = `sig-alternate.out'.

LaTeX Font Info:    Try loading font information for U+msa on input line 143.

("C:\Users\Vivek Verma\AppData\Local\Programs\MiKTeX 2.9\tex\latex\amsfonts\ums
a.fd"
File: umsa.fd 2013/01/14 v3.01 AMS symbols A
)
LaTeX Font Info:    Try loading font information for U+msb on input line 143.

("C:\Users\Vivek Verma\AppData\Local\Programs\MiKTeX 2.9\tex\latex\amsfonts\ums
b.fd"
File: umsb.fd 2013/01/14 v3.01 AMS symbols B
)
LaTeX Font Info:    Try loading font information for U+lasy on input line 143.

("C:\Users\Vivek Verma\AppData\Local\Programs\MiKTeX 2.9\tex\latex\base\ulasy.f
d"
File: ulasy.fd 1998/08/17 v2.2e LaTeX symbol font definitions
)

pdfTeX warning: pdflatex (file ./images/11.pdf): PDF inclusion: found PDF versi
on <1.7>, but at most version <1.5> allowed
<images/11.pdf, id=98, 216.81pt x 131.74219pt>
File: images/11.pdf Graphic file (type pdf)
<use images/11.pdf>
Package pdftex.def Info: images/11.pdf  used on input line 168.
(pdftex.def)             Requested size: 264.03142pt x 85.36201pt.

Overfull \hbox (12.03142pt too wide) in paragraph at lines 168--169
[][] 
 []


LaTeX Warning: `h' float specifier changed to `ht'.


Underfull \vbox (badness 10000) has occurred while \output is active []

 [1{C:/Users/Vivek Verma/AppData/Local/MiKTeX/2.9/pdftex/config/pdftex.map}


]
Overfull \hbox (2.35294pt too wide) in paragraph at lines 180--181
\T1/aer/m/n/9 works on video se-lec-tion in a lec-ture broad-cast and video str
eam-
 []


Overfull \hbox (2.84395pt too wide) in paragraph at lines 199--225
 [][] 
 []

[2 <./images/11.pdf>]
File: images/11.pdf Graphic file (type pdf)
<use images/11.pdf>
Package pdftex.def Info: images/11.pdf  used on input line 245.
(pdftex.def)             Requested size: 264.03142pt x 142.27138pt.

Overfull \hbox (12.03142pt too wide) in paragraph at lines 245--246
[][] 
 []


Overfull \hbox (7.16777pt too wide) in paragraph at lines 243--249
\T1/aer/m/n/9 sharp-ness,contrast,illumination,and block-i-ness(due to video
 []


Overfull \hbox (1.58656pt too wide) in paragraph at lines 251--252
\T1/aer/m/n/9 from same per-spec-tive, mo-bile users gen-er-ally shoot videos
 []

[3]
Overfull \hbox (12.32747pt too wide) detected at line 301
[]\OML/cmm/m/it/9 I[]\OT1/cmr/m/n/9 (\OML/cmm/m/it/9 x[]; y[]\OT1/cmr/m/n/9 ) =
 []
 []


Overfull \hbox (28.1377pt too wide) in paragraph at lines 304--305
\T1/aer/m/n/9 gions in the non-occluded area as well. These re-gions,however,ar
e
 []

Missing character: There is no â in font cmr6!
Missing character: There is no ˆ in font cmr6!
Missing character: There is no ’ in font cmr6!
[4]
<images/2.png, id=171, 256.0767pt x 256.0767pt>
File: images/2.png Graphic file (type png)
<use images/2.png>
Package pdftex.def Info: images/2.png  used on input line 324.
(pdftex.def)             Requested size: 264.01202pt x 199.17636pt.

Overfull \hbox (12.01202pt too wide) in paragraph at lines 324--326
[][] 
 []

File: images/2.png Graphic file (type png)
<use images/2.png>
Package pdftex.def Info: images/2.png  used on input line 345.
(pdftex.def)             Requested size: 264.01202pt x 199.17636pt.

Overfull \hbox (12.01202pt too wide) in paragraph at lines 345--346
[][] 
 []

LaTeX Font Info:    Try loading font information for T1+aess on input line 354.

("C:\Users\Vivek Verma\AppData\Local\Programs\MiKTeX 2.9\tex\latex\ae\t1aess.fd
"
File: t1aess.fd 1997/11/16 Font definitions for T1/aess.
)
LaTeX Font Info:    Font shape `T1/aess/m/it' in size <9> not available
(Font)              Font shape `T1/aess/m/sl' tried instead on input line 354.
 [5 <./images/2.png (PNG copy)>]
Overfull \hbox (8.36588pt too wide) detected at line 428
[]\OML/cmm/m/it/9 S[]\OT1/cmr/m/n/9 (\OML/cmm/m/it/9 x[]; y[]\OT1/cmr/m/n/9 ) =
 []
 []

[6]

pdfTeX warning: pdflatex (file ./images/22.pdf): PDF inclusion: found PDF versi
on <1.7>, but at most version <1.5> allowed
<images/22.pdf, id=202, 595.52689pt x 595.52689pt>
File: images/22.pdf Graphic file (type pdf)
<use images/22.pdf>
Package pdftex.def Info: images/22.pdf  used on input line 453.
(pdftex.def)             Requested size: 264.00452pt x 113.80554pt.

Overfull \hbox (12.00452pt too wide) in paragraph at lines 453--454
[][] 
 []


Overfull \hbox (1.66295pt too wide) in paragraph at lines 481--481
[]\T1/aer/m/n/9 Recordings| 
 []


Overfull \hbox (7.87953pt too wide) in paragraph at lines 481--481
[]\T1/aer/m/n/9 Duration| 
 []


Overfull \hbox (14.3234pt too wide) in paragraph at lines 481--482
[]\T1/aer/m/n/9 Resolution| 
 []


Overfull \hbox (3.86575pt too wide) in paragraph at lines 483--484
[]\T1/aer/m/n/9 720*480| 
 []


Overfull \hbox (3.86575pt too wide) in paragraph at lines 485--486
[]\T1/aer/m/n/9 720*480| 
 []


Overfull \hbox (3.86575pt too wide) in paragraph at lines 487--488
[]\T1/aer/m/n/9 640*480| 
 []


Overfull \hbox (1.30057pt too wide) in paragraph at lines 488--488
[]\T1/aer/m/n/9 Singing| 
 []



pdfTeX warning: pdflatex (file ./images/video_4.pdf): PDF inclusion: found PDF 
version <1.7>, but at most version <1.5> allowed
<images/video_4.pdf, id=205, 642.60077pt x 435.42674pt>
File: images/video_4.pdf Graphic file (type pdf)
<use images/video_4.pdf>
Package pdftex.def Info: images/video_4.pdf  used on input line 504.
(pdftex.def)             Requested size: 528.02443pt x 199.16924pt.

LaTeX Warning: `h' float specifier changed to `ht'.

[7 <./images/22.pdf>]
Overfull \hbox (8.60294pt too wide) in paragraph at lines 556--565
 [][] 
 []

[8 <./images/video_4.pdf>]

pdfTeX warning: pdflatex (file ./images/44.pdf): PDF inclusion: found PDF versi
on <1.7>, but at most version <1.5> allowed
<images/44.pdf, id=236, 846.08798pt x 475.92404pt>
File: images/44.pdf Graphic file (type pdf)
<use images/44.pdf>
Package pdftex.def Info: images/44.pdf  used on input line 578.
(pdftex.def)             Requested size: 113.80382pt x 56.90508pt.

Overfull \hbox (8.20543pt too wide) in paragraph at lines 578--579
[][] 
 []

File: images/44.pdf Graphic file (type pdf)
<use images/44.pdf>
Package pdftex.def Info: images/44.pdf  used on input line 582.
(pdftex.def)             Requested size: 105.5929pt x 56.90508pt.
File: images/44.pdf Graphic file (type pdf)
<use images/44.pdf>
Package pdftex.def Info: images/44.pdf  used on input line 587.
(pdftex.def)             Requested size: 113.80382pt x 56.90508pt.

Overfull \hbox (8.20543pt too wide) in paragraph at lines 587--588
[][] 
 []

File: images/44.pdf Graphic file (type pdf)
<use images/44.pdf>
Package pdftex.def Info: images/44.pdf  used on input line 591.
(pdftex.def)             Requested size: 105.5929pt x 56.90508pt.
File: images/11.pdf Graphic file (type pdf)
<use images/11.pdf>
Package pdftex.def Info: images/11.pdf  used on input line 599.
(pdftex.def)             Requested size: 158.40892pt x 85.36201pt.
[9 <./images/44.pdf>] (sig-alternate.bbl)
Package atveryend Info: Empty hook `BeforeClearDocument' on input line 629.
 [10]
Package atveryend Info: Empty hook `AfterLastShipout' on input line 629.
 (sig-alternate.aux)
Package atveryend Info: Empty hook `AtVeryEndDocument' on input line 629.
Package atveryend Info: Executing hook `AtEndAfterFileList' on input line 629.
Package rerunfilecheck Info: File `sig-alternate.out' has not changed.
(rerunfilecheck)             Checksum: 19C70A828E39C65F3D0EACB67C8B8B90;1441.
Package atveryend Info: Empty hook `AtVeryVeryEnd' on input line 629.
 ) 
Here is how much of TeX's memory you used:
 6893 strings out of 493303
 98929 string characters out of 3127172
 198603 words of memory out of 3000000
 10241 multiletter control sequences out of 15000+200000
 66713 words of font info for 80 fonts, out of 3000000 for 9000
 1141 hyphenation exceptions out of 8191
 39i,10n,43p,1783b,394s stack positions out of 5000i,500n,10000p,200000b,50000s
{C:/Users/Vivek Verma/AppData/Local/Programs/MiKTeX 2.9/fonts/enc/dvips/base/
8r.enc}<C:/Users/Vivek Verma/AppData/Local/Programs/MiKTeX 2.9/fonts/type1/publ
ic/amsfonts/cm/cmbx9.pfb><C:/Users/Vivek Verma/AppData/Local/Programs/MiKTeX 2.
9/fonts/type1/public/amsfonts/cm/cmbxti10.pfb><C:/Users/Vivek Verma/AppData/Loc
al/Programs/MiKTeX 2.9/fonts/type1/public/amsfonts/cmextra/cmex9.pfb><C:/Users/
Vivek Verma/AppData/Local/Programs/MiKTeX 2.9/fonts/type1/public/amsfonts/cm/cm
mi5.pfb><C:/Users/Vivek Verma/AppData/Local/Programs/MiKTeX 2.9/fonts/type1/pub
lic/amsfonts/cm/cmmi6.pfb><C:/Users/Vivek Verma/AppData/Local/Programs/MiKTeX 2
.9/fonts/type1/public/amsfonts/cm/cmmi9.pfb><C:/Users/Vivek Verma/AppData/Local
/Programs/MiKTeX 2.9/fonts/type1/public/amsfonts/cm/cmmib10.pfb><C:/Users/Vivek
 Verma/AppData/Local/Programs/MiKTeX 2.9/fonts/type1/public/amsfonts/cm/cmr6.pf
b><C:/Users/Vivek Verma/AppData/Local/Programs/MiKTeX 2.9/fonts/type1/public/am
sfonts/cm/cmr9.pfb><C:/Users/Vivek Verma/AppData/Local/Programs/MiKTeX 2.9/font
s/type1/public/amsfonts/cm/cmssi9.pfb><C:/Users/Vivek Verma/AppData/Local/Progr
ams/MiKTeX 2.9/fonts/type1/public/amsfonts/cm/cmsy6.pfb><C:/Users/Vivek Verma/A
ppData/Local/Programs/MiKTeX 2.9/fonts/type1/public/amsfonts/cm/cmsy9.pfb><C:/U
sers/Vivek Verma/AppData/Local/Programs/MiKTeX 2.9/fonts/type1/public/amsfonts/
cm/cmti9.pfb><C:/Users/Vivek Verma/AppData/Local/Programs/MiKTeX 2.9/fonts/type
1/public/amsfonts/cm/cmu10.pfb><C:/Users/Vivek Verma/AppData/Local/Programs/MiK
TeX 2.9/fonts/type1/urw/helvetic/uhvb8a.pfb><C:/Users/Vivek Verma/AppData/Local
/Programs/MiKTeX 2.9/fonts/type1/urw/helvetic/uhvr8a.pfb><C:/Users/Vivek Verma/
AppData/Local/Programs/MiKTeX 2.9/fonts/type1/urw/times/utmb8a.pfb><C:/Users/Vi
vek Verma/AppData/Local/Programs/MiKTeX 2.9/fonts/type1/urw/times/utmr8a.pfb><C
:/Users/Vivek Verma/AppData/Local/Programs/MiKTeX 2.9/fonts/type1/urw/times/utm
ri8a.pfb>
Output written on sig-alternate.pdf (10 pages, 577230 bytes).
PDF statistics:
 337 PDF objects out of 1000 (max. 8388607)
 87 named destinations out of 1000 (max. 500000)
 210 words of extra memory for PDF output out of 10000 (max. 10000000)

